This file contains any messages produced by compilers while
running configure, to aid debugging if configure makes a mistake.

It was created by Splint configure 3.1.1, which was
generated by GNU Autoconf 2.57.  Invocation command line was

  $ ./configure 

## --------- ##
## Platform. ##
## --------- ##

hostname = debian
uname -m = i686
uname -r = 4.9.0-3-686-pae
uname -s = Linux
uname -v = #1 SMP Debian 4.9.30-2+deb9u3 (2017-08-06)

/usr/bin/uname -p = unknown
/bin/uname -X     = unknown

/bin/arch              = unknown
/usr/bin/arch -k       = unknown
/usr/convex/getsysinfo = unknown
hostinfo               = unknown
/bin/machine           = unknown
/usr/bin/oslevel       = unknown
/bin/universe          = unknown

PATH: /usr/local/bin
PATH: /usr/bin
PATH: /bin
PATH: /usr/local/games
PATH: /usr/games


## ----------- ##
## Core tests. ##
## ----------- ##

configure:1288: checking build system type
configure:1306: result: i686-pc-linux-gnu
configure:1314: checking host system type
configure:1328: result: i686-pc-linux-gnu
configure:1336: checking target system type
configure:1350: result: i686-pc-linux-gnu
configure:1378: checking for a BSD-compatible install
configure:1432: result: /usr/bin/install -c
configure:1443: checking whether build environment is sane
configure:1486: result: yes
configure:1519: checking for gawk
configure:1548: result: no
configure:1519: checking for mawk
configure:1535: found /usr/bin/mawk
configure:1545: result: mawk
configure:1555: checking whether make sets $(MAKE)
configure:1575: result: yes
configure:1771: checking for gcc
configure:1787: found /usr/bin/gcc
configure:1797: result: gcc
configure:2041: checking for C compiler version
configure:2044: gcc --version </dev/null >&5
gcc (Debian 6.3.0-18) 6.3.0 20170516
Copyright (C) 2016 Free Software Foundation, Inc.
This is free software; see the source for copying conditions.  There is NO
warranty; not even for MERCHANTABILITY or FITNESS FOR A PARTICULAR PURPOSE.

configure:2047: $? = 0
configure:2049: gcc -v </dev/null >&5
Using built-in specs.
COLLECT_GCC=gcc
COLLECT_LTO_WRAPPER=/usr/lib/gcc/i686-linux-gnu/6/lto-wrapper
Target: i686-linux-gnu
Configured with: ../src/configure -v --with-pkgversion='Debian 6.3.0-18' --with-bugurl=file:///usr/share/doc/gcc-6/README.Bugs --enable-languages=c,ada,c++,java,go,d,fortran,objc,obj-c++ --prefix=/usr --program-suffix=-6 --program-prefix=i686-linux-gnu- --enable-shared --enable-linker-build-id --libexecdir=/usr/lib --without-included-gettext --enable-threads=posix --libdir=/usr/lib --enable-nls --with-sysroot=/ --enable-clocale=gnu --enable-libstdcxx-debug --enable-libstdcxx-time=yes --with-default-libstdcxx-abi=new --enable-gnu-unique-object --disable-vtable-verify --enable-libmpx --enable-plugin --enable-default-pie --with-system-zlib --disable-browser-plugin --enable-java-awt=gtk --enable-gtk-cairo --with-java-home=/usr/lib/jvm/java-1.5.0-gcj-6-i386/jre --enable-java-home --with-jvm-root-dir=/usr/lib/jvm/java-1.5.0-gcj-6-i386 --with-jvm-jar-dir=/usr/lib/jvm-exports/java-1.5.0-gcj-6-i386 --with-arch-directory=i386 --with-ecj-jar=/usr/share/java/eclipse-ecj.jar --with-target-system-zlib --enable-objc-gc=auto --enable-targets=all --enable-multiarch --with-arch-32=i686 --with-multilib-list=m32,m64,mx32 --enable-multilib --with-tune=generic --enable-checking=release --build=i686-linux-gnu --host=i686-linux-gnu --target=i686-linux-gnu
Thread model: posix
gcc version 6.3.0 20170516 (Debian 6.3.0-18) 
configure:2052: $? = 0
configure:2054: gcc -V </dev/null >&5
gcc: error: unrecognized command line option '-V'
gcc: fatal error: no input files
compilation terminated.
configure:2057: $? = 1
configure:2081: checking for C compiler default output
configure:2084: gcc    conftest.c  >&5
configure:2087: $? = 0
configure:2133: result: a.out
configure:2138: checking whether the C compiler works
configure:2144: ./a.out
configure:2147: $? = 0
configure:2164: result: yes
configure:2171: checking whether we are cross compiling
configure:2173: result: no
configure:2176: checking for suffix of executables
configure:2178: gcc -o conftest    conftest.c  >&5
configure:2181: $? = 0
configure:2206: result: 
configure:2212: checking for suffix of object files
configure:2234: gcc -c   conftest.c >&5
configure:2237: $? = 0
configure:2259: result: o
configure:2263: checking whether we are using the GNU C compiler
configure:2288: gcc -c   conftest.c >&5
configure:2291: $? = 0
configure:2294: test -s conftest.o
configure:2297: $? = 0
configure:2310: result: yes
configure:2316: checking whether gcc accepts -g
configure:2338: gcc -c -g  conftest.c >&5
configure:2341: $? = 0
configure:2344: test -s conftest.o
configure:2347: $? = 0
configure:2358: result: yes
configure:2375: checking for gcc option to accept ANSI C
configure:2436: gcc  -c -g -O2  conftest.c >&5
configure:2439: $? = 0
configure:2442: test -s conftest.o
configure:2445: $? = 0
configure:2463: result: none needed
configure:2481: gcc -c -g -O2  conftest.c >&5
conftest.c:2:3: error: unknown type name 'choke'
   choke me
   ^~~~~
conftest.c:2:3: error: expected '=', ',', ';', 'asm' or '__attribute__' at end of input
configure:2484: $? = 1
configure: failed program was:
| #ifndef __cplusplus
|   choke me
| #endif
configure:2612: checking for style of include used by make
configure:2640: result: GNU
configure:2668: checking dependency style of gcc
configure:2730: result: gcc3
configure:2740: checking how to run the C preprocessor
configure:2776: gcc -E  conftest.c
configure:2782: $? = 0
configure:2814: gcc -E  conftest.c
configure:2813:28: fatal error: ac_nonexistent.h: No such file or directory
 _ACEOF
                            ^
compilation terminated.
configure:2820: $? = 1
configure: failed program was:
| #line 2805 "configure"
| /* confdefs.h.  */
| 
| #define PACKAGE_NAME "Splint"
| #define PACKAGE_TARNAME "splint"
| #define PACKAGE_VERSION "3.1.1"
| #define PACKAGE_STRING "Splint 3.1.1"
| #define PACKAGE_BUGREPORT "splint-bug@splint.org"
| /* end confdefs.h.  */
| #include <ac_nonexistent.h>
configure:2858: result: gcc -E
configure:2883: gcc -E  conftest.c
configure:2889: $? = 0
configure:2921: gcc -E  conftest.c
configure:2920:28: fatal error: ac_nonexistent.h: No such file or directory
 _ACEOF
                            ^
compilation terminated.
configure:2927: $? = 1
configure: failed program was:
| #line 2912 "configure"
| /* confdefs.h.  */
| 
| #define PACKAGE_NAME "Splint"
| #define PACKAGE_TARNAME "splint"
| #define PACKAGE_VERSION "3.1.1"
| #define PACKAGE_STRING "Splint 3.1.1"
| #define PACKAGE_BUGREPORT "splint-bug@splint.org"
| /* end confdefs.h.  */
| #include <ac_nonexistent.h>
configure:2974: checking for flex
configure:2990: found /usr/bin/flex
configure:3000: result: flex
configure:3013: checking for yywrap in -lfl
configure:3044: gcc -o conftest -g -O2   conftest.c -lfl   >&5
configure:3047: $? = 0
configure:3050: test -s conftest
configure:3053: $? = 0
configure:3065: result: yes
configure:3133: checking lex output file root
configure:3144: flex conftest.l
configure:3147: $? = 0
configure:3159: result: lex.yy
configure:3164: checking whether yytext is a pointer
configure:3180: gcc -o conftest -g -O2   conftest.c  -lfl >&5
configure:3183: $? = 0
configure:3186: test -s conftest
configure:3189: $? = 0
configure:3202: result: yes
configure:3228: checking for a BSD-compatible install
configure:3282: result: /usr/bin/install -c
configure:3293: checking whether make sets $(MAKE)
configure:3313: result: yes
configure:3322: checking whether ln -s works
configure:3326: result: yes
configure:3335: checking for bison
configure:3351: found /usr/bin/bison
configure:3362: result: bison
configure:3371: checking for grep
configure:3387: found /bin/grep
configure:3398: result: grep
configure:3407: checking for diff
configure:3423: found /usr/bin/diff
configure:3434: result: diff
configure:3443: checking for cat
configure:3459: found /bin/cat
configure:3470: result: cat
configure:3479: checking for rm
configure:3495: found /bin/rm
configure:3506: result: rm
configure:3515: checking for mv
configure:3531: found /bin/mv
configure:3542: result: mv
configure:3551: checking for cp
configure:3567: found /bin/cp
configure:3578: result: cp
configure:3587: checking for sed
configure:3603: found /bin/sed
configure:3614: result: sed
configure:3626: checking whether we need _ALL_SOURCE to expose mode_t
configure:3649: gcc -c -g -O2  conftest.c >&5
configure:3640:1: error: unknown type name 'mode_t'
 int
 ^~~   
configure:3652: $? = 1
configure: failed program was:
| #line 3629 "configure"
| /* confdefs.h.  */
| 
| #define PACKAGE_NAME "Splint"
| #define PACKAGE_TARNAME "splint"
| #define PACKAGE_VERSION "3.1.1"
| #define PACKAGE_STRING "Splint 3.1.1"
| #define PACKAGE_BUGREPORT "splint-bug@splint.org"
| #define YYTEXT_POINTER 1
| /* end confdefs.h.  */
| 
| #include <stdio.h>
| mode_t x;
| 
| int
| main ()
| {
| 
|   ;
|   return 0;
| }
configure:3690: gcc -c -g -O2  conftest.c >&5
configure:3681:1: error: unknown type name 'mode_t'
 int
 ^~~   
configure:3693: $? = 1
configure: failed program was:
| #line 3669 "configure"
| /* confdefs.h.  */
| 
| #define PACKAGE_NAME "Splint"
| #define PACKAGE_TARNAME "splint"
| #define PACKAGE_VERSION "3.1.1"
| #define PACKAGE_STRING "Splint 3.1.1"
| #define PACKAGE_BUGREPORT "splint-bug@splint.org"
| #define YYTEXT_POINTER 1
| /* end confdefs.h.  */
| 
| #define _ALL_SOURCE
| #include <stdio.h>
| mode_t x;
| 
| int
| main ()
| {
| 
|   ;
|   return 0;
| }
configure:3713: result: no
configure:3725: checking whether to include support for LCL files
configure:3732: result: yes
configure:4021: creating ./config.status

## ---------------------- ##
## Running config.status. ##
## ---------------------- ##

This file was extended by Splint config.status 3.1.1, which was
generated by GNU Autoconf 2.57.  Invocation command line was

  CONFIG_FILES    = 
  CONFIG_HEADERS  = 
  CONFIG_LINKS    = 
  CONFIG_COMMANDS = 
  $ ./config.status 

on debian

config.status:678: creating Makefile
config.status:678: creating imports/Makefile
config.status:678: creating lib/Makefile
config.status:678: creating src/Makefile
config.status:678: creating test/Makefile
config.status:678: creating doc/Makefile
config.status:678: creating bin/Makefile
config.status:782: creating config.h
config.status:1021: executing depfiles commands

## ---------------- ##
## Cache variables. ##
## ---------------- ##

ac_cv_build=i686-pc-linux-gnu
ac_cv_build_alias=i686-pc-linux-gnu
ac_cv_c_compiler_gnu=yes
ac_cv_env_CC_set=
ac_cv_env_CC_value=
ac_cv_env_CFLAGS_set=
ac_cv_env_CFLAGS_value=
ac_cv_env_CPPFLAGS_set=
ac_cv_env_CPPFLAGS_value=
ac_cv_env_CPP_set=
ac_cv_env_CPP_value=
ac_cv_env_LDFLAGS_set=
ac_cv_env_LDFLAGS_value=
ac_cv_env_build_alias_set=
ac_cv_env_build_alias_value=
ac_cv_env_host_alias_set=
ac_cv_env_host_alias_value=
ac_cv_env_target_alias_set=
ac_cv_env_target_alias_value=
ac_cv_exeext=
ac_cv_host=i686-pc-linux-gnu
ac_cv_host_alias=i686-pc-linux-gnu
ac_cv_lib_fl_yywrap=yes
ac_cv_objext=o
ac_cv_path_install='/usr/bin/install -c'
ac_cv_prog_AWK=mawk
ac_cv_prog_BISON=bison
ac_cv_prog_CAT=cat
ac_cv_prog_CP=cp
ac_cv_prog_CPP='gcc -E'
ac_cv_prog_DIFF=diff
ac_cv_prog_GREP=grep
ac_cv_prog_LEX=flex
ac_cv_prog_MV=mv
ac_cv_prog_RM=rm
ac_cv_prog_SED=sed
ac_cv_prog_ac_ct_CC=gcc
ac_cv_prog_cc_g=yes
ac_cv_prog_cc_stdc=
ac_cv_prog_lex_root=lex.yy
ac_cv_prog_lex_yytext_pointer=yes
ac_cv_prog_make_make_set=yes
ac_cv_target=i686-pc-linux-gnu
ac_cv_target_alias=i686-pc-linux-gnu
ac_cv_use_lcl=yes
am_cv_CC_dependencies_compiler_type=gcc3

## ----------------- ##
## Output variables. ##
## ----------------- ##

ACLOCAL='${SHELL} /home/mkx/splint-3.1.1/config/missing --run aclocal-1.6'
AMDEPBACKSLASH='\'
AMDEP_FALSE='#'
AMDEP_TRUE=''
AMTAR='${SHELL} /home/mkx/splint-3.1.1/config/missing --run tar'
AUTOCONF='${SHELL} /home/mkx/splint-3.1.1/config/missing --run autoconf'
AUTOHEADER='${SHELL} /home/mkx/splint-3.1.1/config/missing --run autoheader'
AUTOMAKE='${SHELL} /home/mkx/splint-3.1.1/config/missing --run automake-1.6'
AWK='mawk'
BISON='bison'
CAT='cat'
CC='gcc'
CCDEPMODE='depmode=gcc3'
CFLAGS='-g -O2'
CP='cp'
CPP='gcc -E'
CPPFLAGS=''
DEFS='-DHAVE_CONFIG_H'
DEPDIR='.deps'
DIFF='diff'
ECHO_C=''
ECHO_N='-n'
ECHO_T=''
EXEEXT=''
GREP='grep'
INSTALL_DATA='${INSTALL} -m 644'
INSTALL_PROGRAM='${INSTALL}'
INSTALL_SCRIPT='${INSTALL}'
INSTALL_STRIP_PROGRAM='${SHELL} $(install_sh) -c -s'
LCLOBJ='$(lcl_OBJECTS)'
LDFLAGS=''
LEX='flex'
LEXLIB='-lfl'
LEX_OUTPUT_ROOT='lex.yy'
LIBOBJS=''
LIBS=''
LN_S='ln -s'
LTLIBOBJS=''
MAKEINFO='${SHELL} /home/mkx/splint-3.1.1/config/missing --run makeinfo'
MV='mv'
OBJEXT='o'
PACKAGE='splint'
PACKAGE_BUGREPORT='splint-bug@splint.org'
PACKAGE_NAME='Splint'
PACKAGE_STRING='Splint 3.1.1'
PACKAGE_TARNAME='splint'
PACKAGE_VERSION='3.1.1'
PATH_SEPARATOR=':'
RM='rm'
SED='sed'
SET_MAKE=''
SHELL='/bin/bash'
STRIP=''
VERSION='3.1.1'
ac_ct_CC='gcc'
ac_ct_STRIP=''
am__include='include'
am__quote=''
bindir='${exec_prefix}/bin'
build='i686-pc-linux-gnu'
build_alias=''
build_cpu='i686'
build_os='linux-gnu'
build_vendor='pc'
datadir='${prefix}/share'
exec_prefix='${prefix}'
host='i686-pc-linux-gnu'
host_alias=''
host_cpu='i686'
host_os='linux-gnu'
host_vendor='pc'
includedir='${prefix}/include'
infodir='${prefix}/info'
install_sh='/home/mkx/splint-3.1.1/config/install-sh'
libdir='${exec_prefix}/lib'
libexecdir='${exec_prefix}/libexec'
localstatedir='${prefix}/var'
mandir='${prefix}/man'
oldincludedir='/usr/include'
prefix='/usr/local'
program_transform_name='s,x,x,'
sbindir='${exec_prefix}/sbin'
sharedstatedir='${prefix}/com'
sysconfdir='${prefix}/etc'
target='i686-pc-linux-gnu'
target_alias=''
target_cpu='i686'
target_os='linux-gnu'
target_vendor='pc'

## ----------- ##
## confdefs.h. ##
## ----------- ##

#define BUILD "i686-pc-linux-gnu"
#define BUILD_ALIAS ""
#define BUILD_CPU "i686"
#define BUILD_OS "linux-gnu"
#define BUILD_VENDOR "pc"
#define DEFAULT_LARCHPATH ".:/usr/local/share/splint/lib:/home/mkx/splint-3.1.1/lib:"
#define DEFAULT_LCLIMPORTDIR ".:/usr/local/share/splint/imports:/home/mkx/splint-3.1.1/imports"
#define GCC_INCLUDE_DIR "/usr/include"
#define GCC_INCLUDE_DIR2 "/usr/local/include"
#define HOST "i686-pc-linux-gnu"
#define HOST_ALIAS ""
#define HOST_CPU "i686"
#define HOST_OS "linux-gnu"
#define HOST_VENDOR "pc"
#define LCL_COMPILE "Compiled using gcc -g -O2 on Linux debian 4.9.0-3-686-pae #1 SMP Debian 4.9.30-2+deb9u3 (2017-08-06) i686 GNU/Linux by mkx"
#define LCL_PARSE_VERSION "Splint 3.1.1"
#define PACKAGE_BUGREPORT "splint-bug@splint.org"
#define PACKAGE_NAME "Splint"
#define PACKAGE_STRING "Splint 3.1.1"
#define PACKAGE_TARNAME "splint"
#define PACKAGE_VERSION "3.1.1"
#define SPLINT_VERSION "Splint 3.1.1 --- 22 Feb 2020"
#define SYSTEM_LIBDIR "/usr/local/include"
#define TARGET "i686-pc-linux-gnu"
#define TARGET_ALIAS ""
#define TARGET_CPU "i686"
#define TARGET_OS "linux-gnu"
#define TARGET_VENDOR "pc"
#define UNAME "Linux"
#define UNIX 1
#define YYTEXT_POINTER 1

configure: exit 0
